FATAL:   stat /opt/miniVite: no such file or directory
FATAL:   stat /opt/miniVite: no such file or directory
FATAL:   stat /opt/miniVite: no such file or directory
FATAL:   stat /opt/miniVite: no such file or directory
FATAL:   stat /opt/miniVite: no such file or directory
FATAL:   stat /opt/miniVite: no such file or directory
FATAL:   stat /opt/miniVite: no such file or directory
FATAL:   stat /opt/miniVite: no such file or directory
FATAL:   stat /opt/miniVite: no such file or directory
FATAL:   stat /opt/miniVite: no such file or directory
FATAL:   stat /opt/miniVite: no such file or directory
FATAL:   stat /opt/miniVite: no such file or directory
FATAL:   stat /opt/miniVite: no such file or directory
FATAL:   stat /opt/miniVite: no such file or directory
--------------------------------------------------------------------------
Primary job  terminated normally, but 1 process returned
a non-zero exit code. Per user-direction, the job has been aborted.
--------------------------------------------------------------------------
FATAL:   stat /opt/miniVite: no such file or directory
FATAL:   stat /opt/miniVite: no such file or directory
FATAL:   stat /opt/miniVite: no such file or directory
FATAL:   stat /opt/miniVite: no such file or directory
FATAL:   stat /opt/miniVite: no such file or directory
FATAL:   stat /opt/miniVite: no such file or directory
FATAL:   stat /opt/miniVite: no such file or directory
FATAL:   stat /opt/miniVite: no such file or directory
FATAL:   stat /opt/miniVite: no such file or directory
FATAL:   stat /opt/miniVite: no such file or directory
FATAL:   stat /opt/miniVite: no such file or directory
FATAL:   stat /opt/miniVite: no such file or directory
--------------------------------------------------------------------------
mpirun detected that one or more processes exited with non-zero status, thus causing
the job to be terminated. The first process to do so was:

  Process name: [[7697,1],5]
  Exit code:    255
--------------------------------------------------------------------------
